[1/7] Performing build step for 'bootloader'
[1/1] cmd.exe /C "cd /D "D:\courses\AIOT Course\Projects\EnviroSense\build\bootloader\esp-idf\esptool_py" && C:\Espressif\python_env\idf5.3_py3.11_env\Scripts\python.exe C:/Espressif/frameworks/esp-idf-v5.3.1/components/partition_table/check_sizes.py --offset 0x8000 bootloader 0x1000 "D:/courses/AIOT Course/Projects/EnviroSense/build/bootloader/bootloader.bin""
Bootloader binary size 0x6880 bytes. 0x780 bytes (7%) free.
[2/5] Linking CXX executable app-template.elf
FAILED: app-template.elf 
cmd.exe /C "cd . && C:\Espressif\tools\xtensa-esp-elf\esp-13.2.0_20240530\xtensa-esp-elf\bin\xtensa-esp32-elf-g++.exe -mlongcalls -Wno-frame-address  -fno-builtin-memcpy -fno-builtin-memset -fno-builtin-bzero -fno-builtin-stpcpy -fno-builtin-strncpy -Wl,--cref -Wl,--defsym=IDF_TARGET_ESP32=0 "-Wl,--Map=D:/courses/AIOT Course/Projects/EnviroSense/build/app-template.map" -Wl,--no-warn-rwx-segments -fno-rtti -fno-lto -Wl,--gc-sections -Wl,--warn-common -T esp32.peripherals.ld -T esp32.rom.ld -T esp32.rom.api.ld -T esp32.rom.libgcc.ld -T esp32.rom.newlib-data.ld -T esp32.rom.syscalls.ld -T esp32.rom.newlib-funcs.ld -T memory.ld -T sections.ld @CMakeFiles\app-template.elf.rsp -o app-template.elf  && cd ."
C:/Espressif/tools/xtensa-esp-elf/esp-13.2.0_20240530/xtensa-esp-elf/bin/../lib/gcc/xtensa-esp-elf/13.2.0/../../../../xtensa-esp-elf/bin/ld.exe: esp-idf/main/libmain.a(wifi.c.obj):D:/courses/AIOT Course/Projects/EnviroSense/Src/Hal/WiFi/wifi.c:4: multiple definition of `TAG'; esp-idf/main/libmain.a(main.c.obj):D:/courses/AIOT Course/Projects/EnviroSense/main/main.c:22: first defined here
collect2.exe: error: ld returned 1 exit status
ninja: build stopped: subcommand failed.
